{"C:\\Users\\adria\\OneDrive\\Escritorio\\Trabajos-3-2C\\ASW\\mergeRamas\\radarin_es6b\\restapi\\api.js": {"path":"C:\\Users\\adria\\OneDrive\\Escritorio\\Trabajos-3-2C\\ASW\\mergeRamas\\radarin_es6b\\restapi\\api.js","statementMap":{"0":{"start":{"line":1,"column":16},"end":{"line":1,"column":34}},"1":{"start":{"line":2,"column":13},"end":{"line":2,"column":38}},"2":{"start":{"line":3,"column":15},"end":{"line":3,"column":42}},"3":{"start":{"line":4,"column":15},"end":{"line":4,"column":31}},"4":{"start":{"line":5,"column":14},"end":{"line":5,"column":32}},"5":{"start":{"line":7,"column":14},"end":{"line":7,"column":16}},"6":{"start":{"line":8,"column":13},"end":{"line":8,"column":15}},"7":{"start":{"line":11,"column":20},"end":{"line":15,"column":5}},"8":{"start":{"line":16,"column":4},"end":{"line":16,"column":37}},"9":{"start":{"line":18,"column":17},"end":{"line":18,"column":54}},"10":{"start":{"line":20,"column":4},"end":{"line":20,"column":25}},"11":{"start":{"line":22,"column":21},"end":{"line":22,"column":31}},"12":{"start":{"line":24,"column":22},"end":{"line":27,"column":5}},"13":{"start":{"line":29,"column":4},"end":{"line":29,"column":28}},"14":{"start":{"line":31,"column":4},"end":{"line":34,"column":7}},"15":{"start":{"line":32,"column":8},"end":{"line":32,"column":53}},"16":{"start":{"line":33,"column":8},"end":{"line":33,"column":67}},"17":{"start":{"line":33,"column":43},"end":{"line":33,"column":65}},"18":{"start":{"line":37,"column":0},"end":{"line":37,"column":37}},"19":{"start":{"line":40,"column":4},"end":{"line":40,"column":93}},"20":{"start":{"line":40,"column":30},"end":{"line":40,"column":92}},"21":{"start":{"line":44,"column":21},"end":{"line":44,"column":49}},"22":{"start":{"line":45,"column":4},"end":{"line":45,"column":26}},"23":{"start":{"line":46,"column":4},"end":{"line":46,"column":29}},"24":{"start":{"line":47,"column":4},"end":{"line":47,"column":37}},"25":{"start":{"line":51,"column":21},"end":{"line":51,"column":67}},"26":{"start":{"line":52,"column":4},"end":{"line":52,"column":26}},"27":{"start":{"line":53,"column":4},"end":{"line":53,"column":29}},"28":{"start":{"line":54,"column":4},"end":{"line":54,"column":37}},"29":{"start":{"line":57,"column":0},"end":{"line":76,"column":3}},"30":{"start":{"line":58,"column":20},"end":{"line":58,"column":36}},"31":{"start":{"line":59,"column":16},"end":{"line":59,"column":32}},"32":{"start":{"line":60,"column":16},"end":{"line":60,"column":33}},"33":{"start":{"line":62,"column":15},"end":{"line":62,"column":46}},"34":{"start":{"line":64,"column":4},"end":{"line":70,"column":5}},"35":{"start":{"line":65,"column":8},"end":{"line":69,"column":11}},"36":{"start":{"line":72,"column":4},"end":{"line":72,"column":22}},"37":{"start":{"line":74,"column":4},"end":{"line":74,"column":26}},"38":{"start":{"line":78,"column":0},"end":{"line":88,"column":3}},"39":{"start":{"line":79,"column":15},"end":{"line":79,"column":31}},"40":{"start":{"line":80,"column":15},"end":{"line":80,"column":50}},"41":{"start":{"line":82,"column":4},"end":{"line":87,"column":5}},"42":{"start":{"line":83,"column":8},"end":{"line":83,"column":23}},"43":{"start":{"line":86,"column":8},"end":{"line":86,"column":44}},"44":{"start":{"line":90,"column":0},"end":{"line":99,"column":3}},"45":{"start":{"line":91,"column":15},"end":{"line":91,"column":31}},"46":{"start":{"line":92,"column":22},"end":{"line":92,"column":85}},"47":{"start":{"line":93,"column":4},"end":{"line":98,"column":5}},"48":{"start":{"line":94,"column":8},"end":{"line":94,"column":28}},"49":{"start":{"line":97,"column":8},"end":{"line":97,"column":42}},"50":{"start":{"line":101,"column":0},"end":{"line":104,"column":3}},"51":{"start":{"line":102,"column":22},"end":{"line":102,"column":41}},"52":{"start":{"line":103,"column":4},"end":{"line":103,"column":24}},"53":{"start":{"line":106,"column":0},"end":{"line":125,"column":3}},"54":{"start":{"line":107,"column":20},"end":{"line":107,"column":36}},"55":{"start":{"line":108,"column":16},"end":{"line":108,"column":32}},"56":{"start":{"line":109,"column":16},"end":{"line":109,"column":33}},"57":{"start":{"line":110,"column":17},"end":{"line":110,"column":31}},"58":{"start":{"line":112,"column":17},"end":{"line":112,"column":70}},"59":{"start":{"line":114,"column":4},"end":{"line":121,"column":5}},"60":{"start":{"line":115,"column":8},"end":{"line":120,"column":11}},"61":{"start":{"line":123,"column":4},"end":{"line":123,"column":24}},"62":{"start":{"line":124,"column":4},"end":{"line":124,"column":37}},"63":{"start":{"line":127,"column":0},"end":{"line":139,"column":3}},"64":{"start":{"line":128,"column":15},"end":{"line":128,"column":42}},"65":{"start":{"line":129,"column":19},"end":{"line":129,"column":44}},"66":{"start":{"line":130,"column":20},"end":{"line":130,"column":36}},"67":{"start":{"line":132,"column":4},"end":{"line":138,"column":5}},"68":{"start":{"line":133,"column":8},"end":{"line":133,"column":33}},"69":{"start":{"line":134,"column":8},"end":{"line":134,"column":41}},"70":{"start":{"line":137,"column":8},"end":{"line":137,"column":53}},"71":{"start":{"line":141,"column":0},"end":{"line":155,"column":3}},"72":{"start":{"line":142,"column":15},"end":{"line":142,"column":42}},"73":{"start":{"line":143,"column":17},"end":{"line":143,"column":31}},"74":{"start":{"line":145,"column":19},"end":{"line":145,"column":44}},"75":{"start":{"line":147,"column":4},"end":{"line":154,"column":5}},"76":{"start":{"line":148,"column":8},"end":{"line":148,"column":28}},"77":{"start":{"line":149,"column":8},"end":{"line":149,"column":28}},"78":{"start":{"line":150,"column":8},"end":{"line":150,"column":48}},"79":{"start":{"line":153,"column":8},"end":{"line":153,"column":53}},"80":{"start":{"line":157,"column":0},"end":{"line":186,"column":3}},"81":{"start":{"line":158,"column":23},"end":{"line":158,"column":34}},"82":{"start":{"line":159,"column":28},"end":{"line":159,"column":43}},"83":{"start":{"line":161,"column":21},"end":{"line":161,"column":64}},"84":{"start":{"line":162,"column":23},"end":{"line":162,"column":68}},"85":{"start":{"line":164,"column":4},"end":{"line":185,"column":5}},"86":{"start":{"line":165,"column":8},"end":{"line":181,"column":9}},"87":{"start":{"line":166,"column":31},"end":{"line":166,"column":44}},"88":{"start":{"line":167,"column":12},"end":{"line":180,"column":13}},"89":{"start":{"line":169,"column":36},"end":{"line":169,"column":83}},"90":{"start":{"line":170,"column":16},"end":{"line":172,"column":19}},"91":{"start":{"line":171,"column":20},"end":{"line":171,"column":39}},"92":{"start":{"line":174,"column":16},"end":{"line":174,"column":45}},"93":{"start":{"line":176,"column":16},"end":{"line":176,"column":38}},"94":{"start":{"line":179,"column":16},"end":{"line":179,"column":65}},"95":{"start":{"line":184,"column":8},"end":{"line":184,"column":51}},"96":{"start":{"line":188,"column":0},"end":{"line":191,"column":3}},"97":{"start":{"line":189,"column":20},"end":{"line":189,"column":37}},"98":{"start":{"line":190,"column":4},"end":{"line":190,"column":22}},"99":{"start":{"line":193,"column":0},"end":{"line":207,"column":3}},"100":{"start":{"line":194,"column":15},"end":{"line":194,"column":31}},"101":{"start":{"line":195,"column":20},"end":{"line":195,"column":32}},"102":{"start":{"line":197,"column":15},"end":{"line":197,"column":50}},"103":{"start":{"line":198,"column":4},"end":{"line":206,"column":5}},"104":{"start":{"line":199,"column":8},"end":{"line":199,"column":27}},"105":{"start":{"line":200,"column":8},"end":{"line":200,"column":26}},"106":{"start":{"line":202,"column":8},"end":{"line":202,"column":30}},"107":{"start":{"line":205,"column":8},"end":{"line":205,"column":51}},"108":{"start":{"line":209,"column":0},"end":{"line":223,"column":3}},"109":{"start":{"line":210,"column":15},"end":{"line":210,"column":31}},"110":{"start":{"line":211,"column":18},"end":{"line":211,"column":32}},"111":{"start":{"line":213,"column":15},"end":{"line":213,"column":50}},"112":{"start":{"line":214,"column":4},"end":{"line":222,"column":5}},"113":{"start":{"line":215,"column":8},"end":{"line":215,"column":27}},"114":{"start":{"line":216,"column":8},"end":{"line":216,"column":26}},"115":{"start":{"line":218,"column":8},"end":{"line":218,"column":30}},"116":{"start":{"line":221,"column":8},"end":{"line":221,"column":51}},"117":{"start":{"line":228,"column":0},"end":{"line":228,"column":23}}},"fnMap":{"0":{"name":"eventsHandler","decl":{"start":{"line":10,"column":9},"end":{"line":10,"column":22}},"loc":{"start":{"line":10,"column":42},"end":{"line":35,"column":1}},"line":10},"1":{"name":"(anonymous_1)","decl":{"start":{"line":31,"column":24},"end":{"line":31,"column":25}},"loc":{"start":{"line":31,"column":30},"end":{"line":34,"column":5}},"line":31},"2":{"name":"(anonymous_2)","decl":{"start":{"line":33,"column":33},"end":{"line":33,"column":34}},"loc":{"start":{"line":33,"column":43},"end":{"line":33,"column":65}},"line":33},"3":{"name":"sendEventsToAll","decl":{"start":{"line":39,"column":9},"end":{"line":39,"column":24}},"loc":{"start":{"line":39,"column":35},"end":{"line":41,"column":1}},"line":39},"4":{"name":"(anonymous_4)","decl":{"start":{"line":40,"column":20},"end":{"line":40,"column":21}},"loc":{"start":{"line":40,"column":30},"end":{"line":40,"column":92}},"line":40},"5":{"name":"ChangeUsers","decl":{"start":{"line":43,"column":15},"end":{"line":43,"column":26}},"loc":{"start":{"line":43,"column":47},"end":{"line":48,"column":1}},"line":43},"6":{"name":"ChangeLocates","decl":{"start":{"line":50,"column":15},"end":{"line":50,"column":28}},"loc":{"start":{"line":50,"column":58},"end":{"line":55,"column":1}},"line":50},"7":{"name":"(anonymous_7)","decl":{"start":{"line":57,"column":26},"end":{"line":57,"column":27}},"loc":{"start":{"line":57,"column":46},"end":{"line":76,"column":1}},"line":57},"8":{"name":"(anonymous_8)","decl":{"start":{"line":78,"column":29},"end":{"line":78,"column":30}},"loc":{"start":{"line":78,"column":49},"end":{"line":88,"column":1}},"line":78},"9":{"name":"(anonymous_9)","decl":{"start":{"line":90,"column":30},"end":{"line":90,"column":31}},"loc":{"start":{"line":90,"column":50},"end":{"line":99,"column":1}},"line":90},"10":{"name":"(anonymous_10)","decl":{"start":{"line":101,"column":32},"end":{"line":101,"column":33}},"loc":{"start":{"line":101,"column":52},"end":{"line":104,"column":1}},"line":101},"11":{"name":"(anonymous_11)","decl":{"start":{"line":106,"column":33},"end":{"line":106,"column":34}},"loc":{"start":{"line":106,"column":53},"end":{"line":125,"column":1}},"line":106},"12":{"name":"(anonymous_12)","decl":{"start":{"line":127,"column":35},"end":{"line":127,"column":36}},"loc":{"start":{"line":127,"column":55},"end":{"line":139,"column":1}},"line":127},"13":{"name":"(anonymous_13)","decl":{"start":{"line":141,"column":35},"end":{"line":141,"column":36}},"loc":{"start":{"line":141,"column":55},"end":{"line":155,"column":1}},"line":141},"14":{"name":"(anonymous_14)","decl":{"start":{"line":157,"column":28},"end":{"line":157,"column":29}},"loc":{"start":{"line":157,"column":48},"end":{"line":186,"column":1}},"line":157},"15":{"name":"(anonymous_15)","decl":{"start":{"line":170,"column":32},"end":{"line":170,"column":33}},"loc":{"start":{"line":170,"column":44},"end":{"line":172,"column":17}},"line":170},"16":{"name":"(anonymous_16)","decl":{"start":{"line":188,"column":38},"end":{"line":188,"column":39}},"loc":{"start":{"line":188,"column":58},"end":{"line":191,"column":1}},"line":188},"17":{"name":"(anonymous_17)","decl":{"start":{"line":193,"column":31},"end":{"line":193,"column":32}},"loc":{"start":{"line":193,"column":51},"end":{"line":207,"column":1}},"line":193},"18":{"name":"(anonymous_18)","decl":{"start":{"line":209,"column":33},"end":{"line":209,"column":34}},"loc":{"start":{"line":209,"column":53},"end":{"line":223,"column":1}},"line":209}},"branchMap":{"0":{"loc":{"start":{"line":64,"column":4},"end":{"line":70,"column":5}},"type":"if","locations":[{"start":{"line":64,"column":4},"end":{"line":70,"column":5}},{"start":{"line":64,"column":4},"end":{"line":70,"column":5}}],"line":64},"1":{"loc":{"start":{"line":82,"column":4},"end":{"line":87,"column":5}},"type":"if","locations":[{"start":{"line":82,"column":4},"end":{"line":87,"column":5}},{"start":{"line":82,"column":4},"end":{"line":87,"column":5}}],"line":82},"2":{"loc":{"start":{"line":93,"column":4},"end":{"line":98,"column":5}},"type":"if","locations":[{"start":{"line":93,"column":4},"end":{"line":98,"column":5}},{"start":{"line":93,"column":4},"end":{"line":98,"column":5}}],"line":93},"3":{"loc":{"start":{"line":93,"column":8},"end":{"line":93,"column":47}},"type":"binary-expr","locations":[{"start":{"line":93,"column":8},"end":{"line":93,"column":25}},{"start":{"line":93,"column":29},"end":{"line":93,"column":47}}],"line":93},"4":{"loc":{"start":{"line":114,"column":4},"end":{"line":121,"column":5}},"type":"if","locations":[{"start":{"line":114,"column":4},"end":{"line":121,"column":5}},{"start":{"line":114,"column":4},"end":{"line":121,"column":5}}],"line":114},"5":{"loc":{"start":{"line":132,"column":4},"end":{"line":138,"column":5}},"type":"if","locations":[{"start":{"line":132,"column":4},"end":{"line":138,"column":5}},{"start":{"line":132,"column":4},"end":{"line":138,"column":5}}],"line":132},"6":{"loc":{"start":{"line":147,"column":4},"end":{"line":154,"column":5}},"type":"if","locations":[{"start":{"line":147,"column":4},"end":{"line":154,"column":5}},{"start":{"line":147,"column":4},"end":{"line":154,"column":5}}],"line":147},"7":{"loc":{"start":{"line":164,"column":4},"end":{"line":185,"column":5}},"type":"if","locations":[{"start":{"line":164,"column":4},"end":{"line":185,"column":5}},{"start":{"line":164,"column":4},"end":{"line":185,"column":5}}],"line":164},"8":{"loc":{"start":{"line":165,"column":8},"end":{"line":181,"column":9}},"type":"if","locations":[{"start":{"line":165,"column":8},"end":{"line":181,"column":9}},{"start":{"line":165,"column":8},"end":{"line":181,"column":9}}],"line":165},"9":{"loc":{"start":{"line":167,"column":12},"end":{"line":180,"column":13}},"type":"if","locations":[{"start":{"line":167,"column":12},"end":{"line":180,"column":13}},{"start":{"line":167,"column":12},"end":{"line":180,"column":13}}],"line":167},"10":{"loc":{"start":{"line":198,"column":4},"end":{"line":206,"column":5}},"type":"if","locations":[{"start":{"line":198,"column":4},"end":{"line":206,"column":5}},{"start":{"line":198,"column":4},"end":{"line":206,"column":5}}],"line":198},"11":{"loc":{"start":{"line":214,"column":4},"end":{"line":222,"column":5}},"type":"if","locations":[{"start":{"line":214,"column":4},"end":{"line":222,"column":5}},{"start":{"line":214,"column":4},"end":{"line":222,"column":5}}],"line":214}},"s":{"0":1,"1":1,"2":1,"3":1,"4":1,"5":1,"6":1,"7":2,"8":2,"9":2,"10":2,"11":2,"12":2,"13":2,"14":2,"15":0,"16":0,"17":0,"18":1,"19":15,"20":29,"21":11,"22":11,"23":11,"24":11,"25":4,"26":4,"27":4,"28":4,"29":1,"30":8,"31":8,"32":8,"33":8,"34":8,"35":8,"36":8,"37":8,"38":1,"39":11,"40":11,"41":11,"42":10,"43":1,"44":1,"45":3,"46":3,"47":3,"48":1,"49":2,"50":1,"51":28,"52":26,"53":1,"54":2,"55":2,"56":2,"57":2,"58":2,"59":2,"60":2,"61":2,"62":2,"63":1,"64":2,"65":2,"66":2,"67":2,"68":1,"69":1,"70":1,"71":1,"72":2,"73":2,"74":2,"75":2,"76":1,"77":1,"78":1,"79":1,"80":1,"81":2,"82":2,"83":2,"84":2,"85":2,"86":2,"87":2,"88":2,"89":1,"90":1,"91":1,"92":1,"93":1,"94":1,"95":0,"96":1,"97":22,"98":22,"99":1,"100":2,"101":2,"102":2,"103":2,"104":1,"105":1,"106":1,"107":1,"108":1,"109":2,"110":2,"111":2,"112":2,"113":1,"114":1,"115":1,"116":1,"117":1},"f":{"0":2,"1":0,"2":0,"3":15,"4":29,"5":11,"6":4,"7":8,"8":11,"9":3,"10":28,"11":2,"12":2,"13":2,"14":2,"15":1,"16":22,"17":2,"18":2},"b":{"0":[8,0],"1":[10,1],"2":[1,2],"3":[3,3],"4":[2,0],"5":[1,1],"6":[1,1],"7":[2,0],"8":[2,0],"9":[1,1],"10":[1,1],"11":[1,1]},"_coverageSchema":"1a1c01bbd47fc00a2c39e90264f33305004495a9","hash":"8fe08d2454c10b921197f691cd580759d06def55"}
,"C:\\Users\\adria\\OneDrive\\Escritorio\\Trabajos-3-2C\\ASW\\mergeRamas\\radarin_es6b\\restapi\\models\\locates.js": {"path":"C:\\Users\\adria\\OneDrive\\Escritorio\\Trabajos-3-2C\\ASW\\mergeRamas\\radarin_es6b\\restapi\\models\\locates.js","statementMap":{"0":{"start":{"line":1,"column":17},"end":{"line":1,"column":36}},"1":{"start":{"line":4,"column":15},"end":{"line":23,"column":2}},"2":{"start":{"line":25,"column":0},"end":{"line":32,"column":5}},"3":{"start":{"line":26,"column":14},"end":{"line":26,"column":24}},"4":{"start":{"line":27,"column":4},"end":{"line":27,"column":26}},"5":{"start":{"line":28,"column":4},"end":{"line":30,"column":5}},"6":{"start":{"line":29,"column":6},"end":{"line":29,"column":28}},"7":{"start":{"line":31,"column":4},"end":{"line":31,"column":11}},"8":{"start":{"line":34,"column":0},"end":{"line":34,"column":49}}},"fnMap":{"0":{"name":"(anonymous_0)","decl":{"start":{"line":25,"column":19},"end":{"line":25,"column":20}},"loc":{"start":{"line":25,"column":33},"end":{"line":32,"column":3}},"line":25}},"branchMap":{"0":{"loc":{"start":{"line":28,"column":4},"end":{"line":30,"column":5}},"type":"if","locations":[{"start":{"line":28,"column":4},"end":{"line":30,"column":5}},{"start":{"line":28,"column":4},"end":{"line":30,"column":5}}],"line":28}},"s":{"0":1,"1":1,"2":1,"3":3,"4":3,"5":3,"6":2,"7":3,"8":1},"f":{"0":3},"b":{"0":[2,1]},"_coverageSchema":"1a1c01bbd47fc00a2c39e90264f33305004495a9","hash":"e498b04c05eb70ebb832c6a07fd49370510e795d"}
,"C:\\Users\\adria\\OneDrive\\Escritorio\\Trabajos-3-2C\\ASW\\mergeRamas\\radarin_es6b\\restapi\\models\\users.js": {"path":"C:\\Users\\adria\\OneDrive\\Escritorio\\Trabajos-3-2C\\ASW\\mergeRamas\\radarin_es6b\\restapi\\models\\users.js","statementMap":{"0":{"start":{"line":1,"column":17},"end":{"line":1,"column":36}},"1":{"start":{"line":3,"column":15},"end":{"line":26,"column":2}},"2":{"start":{"line":28,"column":0},"end":{"line":35,"column":5}},"3":{"start":{"line":29,"column":14},"end":{"line":29,"column":24}},"4":{"start":{"line":30,"column":4},"end":{"line":30,"column":26}},"5":{"start":{"line":31,"column":4},"end":{"line":33,"column":5}},"6":{"start":{"line":32,"column":6},"end":{"line":32,"column":28}},"7":{"start":{"line":34,"column":4},"end":{"line":34,"column":11}},"8":{"start":{"line":37,"column":0},"end":{"line":37,"column":47}}},"fnMap":{"0":{"name":"(anonymous_0)","decl":{"start":{"line":28,"column":19},"end":{"line":28,"column":20}},"loc":{"start":{"line":28,"column":33},"end":{"line":35,"column":3}},"line":28}},"branchMap":{"0":{"loc":{"start":{"line":31,"column":4},"end":{"line":33,"column":5}},"type":"if","locations":[{"start":{"line":31,"column":4},"end":{"line":33,"column":5}},{"start":{"line":31,"column":4},"end":{"line":33,"column":5}}],"line":31}},"s":{"0":1,"1":1,"2":1,"3":10,"4":10,"5":10,"6":8,"7":10,"8":1},"f":{"0":10},"b":{"0":[8,2]},"_coverageSchema":"1a1c01bbd47fc00a2c39e90264f33305004495a9","hash":"821de750e911cbeb634e724b16d93b8c0592c00e"}
,"C:\\Users\\adria\\OneDrive\\Escritorio\\Trabajos-3-2C\\ASW\\mergeRamas\\radarin_es6b\\restapi\\tests\\server-for-tests.js": {"path":"C:\\Users\\adria\\OneDrive\\Escritorio\\Trabajos-3-2C\\ASW\\mergeRamas\\radarin_es6b\\restapi\\tests\\server-for-tests.js","statementMap":{"0":{"start":{"line":6,"column":30},"end":{"line":6,"column":62}},"1":{"start":{"line":7,"column":16},"end":{"line":7,"column":34}},"2":{"start":{"line":8,"column":13},"end":{"line":8,"column":28}},"3":{"start":{"line":9,"column":17},"end":{"line":9,"column":36}},"4":{"start":{"line":10,"column":12},"end":{"line":10,"column":29}},"5":{"start":{"line":14,"column":0},"end":{"line":19,"column":1}},"6":{"start":{"line":15,"column":4},"end":{"line":15,"column":80}},"7":{"start":{"line":16,"column":21},"end":{"line":16,"column":42}},"8":{"start":{"line":17,"column":4},"end":{"line":17,"column":26}},"9":{"start":{"line":21,"column":0},"end":{"line":35,"column":1}},"10":{"start":{"line":22,"column":4},"end":{"line":22,"column":42}},"11":{"start":{"line":23,"column":4},"end":{"line":23,"column":115}},"12":{"start":{"line":24,"column":4},"end":{"line":24,"column":28}},"13":{"start":{"line":25,"column":4},"end":{"line":25,"column":19}},"14":{"start":{"line":27,"column":4},"end":{"line":27,"column":20}},"15":{"start":{"line":28,"column":4},"end":{"line":28,"column":29}},"16":{"start":{"line":29,"column":4},"end":{"line":29,"column":27}},"17":{"start":{"line":30,"column":4},"end":{"line":30,"column":24}},"18":{"start":{"line":32,"column":4},"end":{"line":32,"column":35}},"19":{"start":{"line":33,"column":4},"end":{"line":33,"column":38}},"20":{"start":{"line":34,"column":4},"end":{"line":34,"column":14}},"21":{"start":{"line":37,"column":0},"end":{"line":41,"column":1}},"22":{"start":{"line":38,"column":4},"end":{"line":38,"column":45}},"23":{"start":{"line":39,"column":4},"end":{"line":39,"column":38}},"24":{"start":{"line":40,"column":4},"end":{"line":40,"column":24}},"25":{"start":{"line":43,"column":0},"end":{"line":45,"column":1}},"26":{"start":{"line":44,"column":4},"end":{"line":44,"column":24}},"27":{"start":{"line":47,"column":0},"end":{"line":54,"column":1}},"28":{"start":{"line":48,"column":24},"end":{"line":48,"column":55}},"29":{"start":{"line":50,"column":4},"end":{"line":53,"column":5}},"30":{"start":{"line":51,"column":27},"end":{"line":51,"column":43}},"31":{"start":{"line":52,"column":8},"end":{"line":52,"column":38}}},"fnMap":{"0":{"name":"(anonymous_0)","decl":{"start":{"line":14,"column":25},"end":{"line":14,"column":26}},"loc":{"start":{"line":14,"column":37},"end":{"line":19,"column":1}},"line":14},"1":{"name":"(anonymous_1)","decl":{"start":{"line":21,"column":29},"end":{"line":21,"column":30}},"loc":{"start":{"line":21,"column":41},"end":{"line":35,"column":1}},"line":21},"2":{"name":"(anonymous_2)","decl":{"start":{"line":37,"column":29},"end":{"line":37,"column":30}},"loc":{"start":{"line":37,"column":41},"end":{"line":41,"column":1}},"line":37},"3":{"name":"(anonymous_3)","decl":{"start":{"line":43,"column":25},"end":{"line":43,"column":26}},"loc":{"start":{"line":43,"column":37},"end":{"line":45,"column":1}},"line":43},"4":{"name":"(anonymous_4)","decl":{"start":{"line":47,"column":31},"end":{"line":47,"column":32}},"loc":{"start":{"line":47,"column":43},"end":{"line":54,"column":1}},"line":47}},"branchMap":{},"s":{"0":1,"1":1,"2":1,"3":1,"4":1,"5":1,"6":1,"7":1,"8":1,"9":1,"10":1,"11":1,"12":1,"13":1,"14":1,"15":1,"16":1,"17":1,"18":1,"19":1,"20":1,"21":1,"22":1,"23":1,"24":1,"25":1,"26":1,"27":1,"28":8,"29":8,"30":16,"31":16},"f":{"0":1,"1":1,"2":1,"3":1,"4":8},"b":{},"_coverageSchema":"1a1c01bbd47fc00a2c39e90264f33305004495a9","hash":"78d7e00e80dd6889923e02c85f097f3e460486c4"}
}
