TN:
SF:api.js
FN:10,eventsHandler
FN:31,(anonymous_1)
FN:33,(anonymous_2)
FN:39,sendEventsToAll
FN:40,(anonymous_4)
FN:43,ChangeUsers
FN:50,ChangeLocates
FN:57,(anonymous_7)
FN:78,(anonymous_8)
FN:90,(anonymous_9)
FN:101,(anonymous_10)
FN:106,(anonymous_11)
FN:127,(anonymous_12)
FN:141,(anonymous_13)
FN:157,(anonymous_14)
FN:170,(anonymous_15)
FN:188,(anonymous_16)
FN:193,(anonymous_17)
FN:209,(anonymous_18)
FNF:19
FNH:17
FNDA:2,eventsHandler
FNDA:0,(anonymous_1)
FNDA:0,(anonymous_2)
FNDA:15,sendEventsToAll
FNDA:29,(anonymous_4)
FNDA:11,ChangeUsers
FNDA:4,ChangeLocates
FNDA:8,(anonymous_7)
FNDA:11,(anonymous_8)
FNDA:3,(anonymous_9)
FNDA:28,(anonymous_10)
FNDA:2,(anonymous_11)
FNDA:2,(anonymous_12)
FNDA:2,(anonymous_13)
FNDA:2,(anonymous_14)
FNDA:1,(anonymous_15)
FNDA:22,(anonymous_16)
FNDA:2,(anonymous_17)
FNDA:2,(anonymous_18)
DA:1,1
DA:2,1
DA:3,1
DA:4,1
DA:5,1
DA:7,1
DA:8,1
DA:11,2
DA:16,2
DA:18,2
DA:20,2
DA:22,2
DA:24,2
DA:29,2
DA:31,2
DA:32,0
DA:33,0
DA:37,1
DA:40,29
DA:44,11
DA:45,11
DA:46,11
DA:47,11
DA:51,4
DA:52,4
DA:53,4
DA:54,4
DA:57,1
DA:58,8
DA:59,8
DA:60,8
DA:62,8
DA:64,8
DA:65,8
DA:72,8
DA:74,8
DA:78,1
DA:79,11
DA:80,11
DA:82,11
DA:83,10
DA:86,1
DA:90,1
DA:91,3
DA:92,3
DA:93,3
DA:94,1
DA:97,2
DA:101,1
DA:102,28
DA:103,26
DA:106,1
DA:107,2
DA:108,2
DA:109,2
DA:110,2
DA:112,2
DA:114,2
DA:115,2
DA:123,2
DA:124,2
DA:127,1
DA:128,2
DA:129,2
DA:130,2
DA:132,2
DA:133,1
DA:134,1
DA:137,1
DA:141,1
DA:142,2
DA:143,2
DA:145,2
DA:147,2
DA:148,1
DA:149,1
DA:150,1
DA:153,1
DA:157,1
DA:158,2
DA:159,2
DA:161,2
DA:162,2
DA:164,2
DA:165,2
DA:166,2
DA:167,2
DA:169,1
DA:170,1
DA:171,1
DA:174,1
DA:176,1
DA:179,1
DA:184,0
DA:188,1
DA:189,22
DA:190,22
DA:193,1
DA:194,2
DA:195,2
DA:197,2
DA:198,2
DA:199,1
DA:200,1
DA:202,1
DA:205,1
DA:209,1
DA:210,2
DA:211,2
DA:213,2
DA:214,2
DA:215,1
DA:216,1
DA:218,1
DA:221,1
DA:228,1
LF:116
LH:113
BRDA:64,0,0,8
BRDA:64,0,1,0
BRDA:82,1,0,10
BRDA:82,1,1,1
BRDA:93,2,0,1
BRDA:93,2,1,2
BRDA:93,3,0,3
BRDA:93,3,1,3
BRDA:114,4,0,2
BRDA:114,4,1,0
BRDA:132,5,0,1
BRDA:132,5,1,1
BRDA:147,6,0,1
BRDA:147,6,1,1
BRDA:164,7,0,2
BRDA:164,7,1,0
BRDA:165,8,0,2
BRDA:165,8,1,0
BRDA:167,9,0,1
BRDA:167,9,1,1
BRDA:198,10,0,1
BRDA:198,10,1,1
BRDA:214,11,0,1
BRDA:214,11,1,1
BRF:24
BRH:20
end_of_record
TN:
SF:models\locates.js
FN:25,(anonymous_0)
FNF:1
FNH:1
FNDA:3,(anonymous_0)
DA:1,1
DA:4,1
DA:25,1
DA:26,3
DA:27,3
DA:28,3
DA:29,2
DA:31,3
DA:34,1
LF:9
LH:9
BRDA:28,0,0,2
BRDA:28,0,1,1
BRF:2
BRH:2
end_of_record
TN:
SF:models\users.js
FN:28,(anonymous_0)
FNF:1
FNH:1
FNDA:10,(anonymous_0)
DA:1,1
DA:3,1
DA:28,1
DA:29,10
DA:30,10
DA:31,10
DA:32,8
DA:34,10
DA:37,1
LF:9
LH:9
BRDA:31,0,0,8
BRDA:31,0,1,2
BRF:2
BRH:2
end_of_record
TN:
SF:tests\server-for-tests.js
FN:14,(anonymous_0)
FN:21,(anonymous_1)
FN:37,(anonymous_2)
FN:43,(anonymous_3)
FN:47,(anonymous_4)
FNF:5
FNH:5
FNDA:1,(anonymous_0)
FNDA:1,(anonymous_1)
FNDA:1,(anonymous_2)
FNDA:1,(anonymous_3)
FNDA:8,(anonymous_4)
DA:6,1
DA:7,1
DA:8,1
DA:9,1
DA:10,1
DA:14,1
DA:15,1
DA:16,1
DA:17,1
DA:21,1
DA:22,1
DA:23,1
DA:24,1
DA:25,1
DA:27,1
DA:28,1
DA:29,1
DA:30,1
DA:32,1
DA:33,1
DA:34,1
DA:37,1
DA:38,1
DA:39,1
DA:40,1
DA:43,1
DA:44,1
DA:47,1
DA:48,8
DA:50,8
DA:51,16
DA:52,16
LF:32
LH:32
BRF:0
BRH:0
end_of_record
