TN:
SF:api.js
FN:10,eventsHandler
FN:31,(anonymous_1)
FN:33,(anonymous_2)
FN:39,sendEventsToAll
FN:40,(anonymous_4)
FN:43,ChangeUsers
FN:50,ChangeLocates
FN:57,(anonymous_7)
FN:78,(anonymous_8)
FN:84,(anonymous_9)
FN:90,(anonymous_10)
FN:96,(anonymous_11)
FN:117,(anonymous_12)
FN:131,(anonymous_13)
FN:147,(anonymous_14)
FN:160,(anonymous_15)
FN:178,(anonymous_16)
FN:183,(anonymous_17)
FNF:18
FNH:0
FNDA:0,eventsHandler
FNDA:0,(anonymous_1)
FNDA:0,(anonymous_2)
FNDA:0,sendEventsToAll
FNDA:0,(anonymous_4)
FNDA:0,ChangeUsers
FNDA:0,ChangeLocates
FNDA:0,(anonymous_7)
FNDA:0,(anonymous_8)
FNDA:0,(anonymous_9)
FNDA:0,(anonymous_10)
FNDA:0,(anonymous_11)
FNDA:0,(anonymous_12)
FNDA:0,(anonymous_13)
FNDA:0,(anonymous_14)
FNDA:0,(anonymous_15)
FNDA:0,(anonymous_16)
FNDA:0,(anonymous_17)
DA:1,1
DA:2,1
DA:3,1
DA:4,1
DA:5,1
DA:7,1
DA:8,1
DA:11,0
DA:16,0
DA:18,0
DA:20,0
DA:22,0
DA:24,0
DA:29,0
DA:31,0
DA:32,0
DA:33,0
DA:37,1
DA:40,0
DA:44,0
DA:45,0
DA:46,0
DA:47,0
DA:51,0
DA:52,0
DA:53,0
DA:54,0
DA:57,1
DA:58,0
DA:59,0
DA:60,0
DA:62,0
DA:64,0
DA:65,0
DA:72,0
DA:74,0
DA:78,1
DA:79,0
DA:80,0
DA:81,0
DA:84,1
DA:85,0
DA:86,0
DA:87,0
DA:90,1
DA:91,0
DA:92,0
DA:93,0
DA:96,1
DA:97,0
DA:98,0
DA:99,0
DA:100,0
DA:102,0
DA:104,0
DA:105,0
DA:113,0
DA:114,0
DA:117,1
DA:118,0
DA:119,0
DA:120,0
DA:122,0
DA:123,0
DA:124,0
DA:127,0
DA:131,1
DA:132,0
DA:133,0
DA:135,0
DA:137,0
DA:138,0
DA:139,0
DA:140,0
DA:143,0
DA:147,1
DA:148,0
DA:149,0
DA:151,0
DA:152,0
DA:154,0
DA:155,0
DA:156,0
DA:157,0
DA:159,0
DA:160,0
DA:161,0
DA:164,0
DA:166,0
DA:169,0
DA:174,0
DA:178,1
DA:179,0
DA:180,0
DA:183,1
DA:184,0
DA:185,0
DA:187,0
DA:188,0
DA:189,0
DA:190,0
DA:192,0
DA:195,0
DA:202,1
LF:104
LH:19
BRDA:64,0,0,0
BRDA:64,0,1,0
BRDA:104,1,0,0
BRDA:104,1,1,0
BRDA:122,2,0,0
BRDA:122,2,1,0
BRDA:137,3,0,0
BRDA:137,3,1,0
BRDA:154,4,0,0
BRDA:154,4,1,0
BRDA:155,5,0,0
BRDA:155,5,1,0
BRDA:157,6,0,0
BRDA:157,6,1,0
BRDA:188,7,0,0
BRDA:188,7,1,0
BRF:16
BRH:0
end_of_record
TN:
SF:models\locates.js
FN:25,(anonymous_0)
FNF:1
FNH:0
FNDA:0,(anonymous_0)
DA:1,1
DA:4,1
DA:25,1
DA:26,0
DA:27,0
DA:28,0
DA:29,0
DA:31,0
DA:34,1
LF:9
LH:4
BRDA:28,0,0,0
BRDA:28,0,1,0
BRF:2
BRH:0
end_of_record
TN:
SF:models\users.js
FN:24,(anonymous_0)
FNF:1
FNH:0
FNDA:0,(anonymous_0)
DA:1,1
DA:3,1
DA:24,1
DA:25,0
DA:26,0
DA:27,0
DA:28,0
DA:30,0
DA:33,1
LF:9
LH:4
BRDA:27,0,0,0
BRDA:27,0,1,0
BRF:2
BRH:0
end_of_record
TN:
SF:tests\server-for-tests.js
FN:14,(anonymous_0)
FN:21,(anonymous_1)
FN:37,(anonymous_2)
FN:43,(anonymous_3)
FN:47,(anonymous_4)
FNF:5
FNH:5
FNDA:1,(anonymous_0)
FNDA:1,(anonymous_1)
FNDA:1,(anonymous_2)
FNDA:1,(anonymous_3)
FNDA:2,(anonymous_4)
DA:6,1
DA:7,1
DA:8,1
DA:9,1
DA:10,1
DA:14,1
DA:15,1
DA:16,1
DA:17,1
DA:21,1
DA:22,1
DA:23,1
DA:24,1
DA:25,1
DA:27,1
DA:28,1
DA:29,1
DA:30,1
DA:32,1
DA:33,1
DA:34,1
DA:37,1
DA:38,1
DA:39,1
DA:40,1
DA:43,1
DA:44,1
DA:47,1
DA:48,2
DA:50,2
DA:51,4
DA:52,4
LF:32
LH:32
BRF:0
BRH:0
end_of_record
